app/build/outputs/logs/manifest-merger-release-report.txt
-- Merging decision tree log ---
manifest
ADDED from src\main\AndroidManifest.xml:2:1-114:12
INJECTED from src\main\AndroidManifest.xml:2:1-114:12
INJECTED from src\main\AndroidManifest.xml:2:1-114:12
INJECTED from src\main\AndroidManifest.xml:2:1-114:12
MERGED from [com.android.support:appcompat-v7:27.1.1] AndroidManifest.xml:17:1-22:12
MERGED from [com.android.support:support-v4:27.1.1] AndroidManifest.xml:17:1-22:12
MERGED from [com.android.support:support-fragment:27.1.1] AndroidManifest.xml:17:1-22:12
MERGED from [com.android.support:animated-vector-drawable:27.1.1] AndroidManifest.xml:17:1-22:12
MERGED from [com.android.support:support-core-ui:27.1.1] AndroidManifest.xml:17:1-22:12
MERGED from [com.android.support:support-core-utils:27.1.1] AndroidManifest.xml:17:1-22:12
MERGED from [com.android.support:support-vector-drawable:27.1.1] AndroidManifest.xml:17:1-22:12
MERGED from [com.android.support:support-media-compat:27.1.1] AndroidManifest.xml:17:1-22:12
MERGED from [com.android.support:support-compat:27.1.1] AndroidManifest.xml:17:1-22:12
MERGED from [android.arch.lifecycle:livedata-core:1.1.0] AndroidManifest.xml:17:1-22:12
MERGED from [android.arch.lifecycle:viewmodel:1.1.0] AndroidManifest.xml:17:1-22:12
MERGED from [android.arch.lifecycle:runtime:1.1.0] AndroidManifest.xml:17:1-22:12
MERGED from [android.arch.core:runtime:1.1.0] AndroidManifest.xml:17:1-22:12
INJECTED from src\main\AndroidManifest.xml:2:1-114:12
INJECTED from src\main\AndroidManifest.xml:2:1-114:12
INJECTED from src\main\AndroidManifest.xml:2:1-114:12
	package
		ADDED from src\main\AndroidManifest.xml:3:7-25
		INJECTED from src\main\AndroidManifest.xml
		INJECTED from src\main\AndroidManifest.xml
	android:versionName
		ADDED from src\main\AndroidManifest.xml:5:7-32
		INJECTED from src\main\AndroidManifest.xml
		INJECTED from src\main\AndroidManifest.xml
	xmlns:android
		ADDED from src\main\AndroidManifest.xml:2:11-69
	android:versionCode
		ADDED from src\main\AndroidManifest.xml:4:7-30
		INJECTED from src\main\AndroidManifest.xml
		INJECTED from src\main\AndroidManifest.xml
application
ADDED from src\main\AndroidManifest.xml:7:5-113:19
	android:label
		ADDED from src\main\AndroidManifest.xml:7:48-80
	android:icon
		ADDED from src\main\AndroidManifest.xml:7:18-47
activity#liu.biye.StoreManagementActivity
ADDED from src\main\AndroidManifest.xml:8:9-18:20
	android:screenOrientation
		ADDED from src\main\AndroidManifest.xml:11:19-56
	android:label
		ADDED from src\main\AndroidManifest.xml:10:19-51
	android:configChanges
		ADDED from src\main\AndroidManifest.xml:9:19-69
	android:theme
		ADDED from src\main\AndroidManifest.xml:12:19-83
	android:name
		ADDED from src\main\AndroidManifest.xml:8:19-58
intent-filter#action:name:android.intent.action.MAIN+category:name:android.intent.category.LAUNCHER
ADDED from src\main\AndroidManifest.xml:14:13-17:29
action#android.intent.action.MAIN
ADDED from src\main\AndroidManifest.xml:15:17-69
	android:name
		ADDED from src\main\AndroidManifest.xml:15:25-66
category#android.intent.category.LAUNCHER
ADDED from src\main\AndroidManifest.xml:16:17-77
	android:name
		ADDED from src\main\AndroidManifest.xml:16:27-74
activity#liu.biye.UserRegister
ADDED from src\main\AndroidManifest.xml:19:10-21:70
	android:screenOrientation
		ADDED from src\main\AndroidManifest.xml:21:21-58
	android:theme
		ADDED from src\main\AndroidManifest.xml:20:21-85
	android:name
		ADDED from src\main\AndroidManifest.xml:19:20-47
activity#liu.biye.MenuDemo
ADDED from src\main\AndroidManifest.xml:22:11-24:70
	android:screenOrientation
		ADDED from src\main\AndroidManifest.xml:24:21-58
	android:theme
		ADDED from src\main\AndroidManifest.xml:23:21-85
	android:name
		ADDED from src\main\AndroidManifest.xml:22:21-44
activity#liu.biye.Tianjiag
ADDED from src\main\AndroidManifest.xml:25:12-27:70
	android:screenOrientation
		ADDED from src\main\AndroidManifest.xml:27:21-58
	android:theme
		ADDED from src\main\AndroidManifest.xml:26:22-86
	android:name
		ADDED from src\main\AndroidManifest.xml:25:22-45
activity#liu.biye.Tianjiak
ADDED from src\main\AndroidManifest.xml:28:14-30:70
	android:screenOrientation
		ADDED from src\main\AndroidManifest.xml:30:21-58
	android:theme
		ADDED from src\main\AndroidManifest.xml:29:22-86
	android:name
		ADDED from src\main\AndroidManifest.xml:28:24-47
activity#liu.biye.Chaxung
ADDED from src\main\AndroidManifest.xml:31:12-33:70
	android:screenOrientation
		ADDED from src\main\AndroidManifest.xml:33:21-58
	android:name
		ADDED from src\main\AndroidManifest.xml:31:22-44
activity#liu.biye.Chaxunk
ADDED from src\main\AndroidManifest.xml:34:12-36:70
	android:screenOrientation
		ADDED from src\main\AndroidManifest.xml:36:21-58
	android:name
		ADDED from src\main\AndroidManifest.xml:34:22-44
activity#liu.biye.Chaxunr
ADDED from src\main\AndroidManifest.xml:37:13-39:70
	android:screenOrientation
		ADDED from src\main\AndroidManifest.xml:39:21-58
	android:name
		ADDED from src\main\AndroidManifest.xml:37:23-45
activity#liu.biye.Xiugair
ADDED from src\main\AndroidManifest.xml:40:22-42:70
	android:screenOrientation
		ADDED from src\main\AndroidManifest.xml:42:21-58
	android:name
		ADDED from src\main\AndroidManifest.xml:40:32-54
activity#liu.biye.Xiugaic
ADDED from src\main\AndroidManifest.xml:43:22-45:70
	android:screenOrientation
		ADDED from src\main\AndroidManifest.xml:45:21-58
	android:name
		ADDED from src\main\AndroidManifest.xml:43:32-54
activity#liu.biye.Xiugair1
ADDED from src\main\AndroidManifest.xml:46:21-48:70
	android:screenOrientation
		ADDED from src\main\AndroidManifest.xml:48:21-58
	android:theme
		ADDED from src\main\AndroidManifest.xml:47:18-82
	android:name
		ADDED from src\main\AndroidManifest.xml:46:31-54
activity#liu.biye.Xiugaic1
ADDED from src\main\AndroidManifest.xml:49:22-51:70
	android:screenOrientation
		ADDED from src\main\AndroidManifest.xml:51:21-58
	android:theme
		ADDED from src\main\AndroidManifest.xml:50:19-83
	android:name
		ADDED from src\main\AndroidManifest.xml:49:32-55
activity#liu.biye.Shanchur
ADDED from src\main\AndroidManifest.xml:52:25-54:70
	android:screenOrientation
		ADDED from src\main\AndroidManifest.xml:54:21-58
	android:name
		ADDED from src\main\AndroidManifest.xml:52:35-58
activity#liu.biye.Chaxunc
ADDED from src\main\AndroidManifest.xml:55:15-57:70
	android:screenOrientation
		ADDED from src\main\AndroidManifest.xml:57:21-58
	android:name
		ADDED from src\main\AndroidManifest.xml:55:25-47
activity#liu.biye.Xiugai
ADDED from src\main\AndroidManifest.xml:58:16-60:70
	android:screenOrientation
		ADDED from src\main\AndroidManifest.xml:60:21-58
	android:theme
		ADDED from src\main\AndroidManifest.xml:59:22-65
	android:name
		ADDED from src\main\AndroidManifest.xml:58:26-47
activity#liu.biye.Yonghu
ADDED from src\main\AndroidManifest.xml:61:21-63:70
	android:screenOrientation
		ADDED from src\main\AndroidManifest.xml:63:21-58
	android:name
		ADDED from src\main\AndroidManifest.xml:61:31-52
activity#liu.biye.Shanchus
ADDED from src\main\AndroidManifest.xml:64:22-66:70
	android:screenOrientation
		ADDED from src\main\AndroidManifest.xml:66:21-58
	android:name
		ADDED from src\main\AndroidManifest.xml:64:32-55
activity#liu.biye.Kucun
ADDED from src\main\AndroidManifest.xml:67:22-69:70
	android:screenOrientation
		ADDED from src\main\AndroidManifest.xml:69:21-58
	android:name
		ADDED from src\main\AndroidManifest.xml:67:32-52
activity#liu.biye.Xiugais
ADDED from src\main\AndroidManifest.xml:70:23-72:70
	android:screenOrientation
		ADDED from src\main\AndroidManifest.xml:72:21-58
	android:name
		ADDED from src\main\AndroidManifest.xml:70:33-55
activity#liu.biye.Xiugais1
ADDED from src\main\AndroidManifest.xml:73:25-75:70
	android:screenOrientation
		ADDED from src\main\AndroidManifest.xml:75:21-58
	android:name
		ADDED from src\main\AndroidManifest.xml:73:35-58
activity#liu.biye.Xiugaik
ADDED from src\main\AndroidManifest.xml:76:26-78:70
	android:screenOrientation
		ADDED from src\main\AndroidManifest.xml:78:21-58
	android:name
		ADDED from src\main\AndroidManifest.xml:76:36-58
activity#liu.biye.Xiugaig
ADDED from src\main\AndroidManifest.xml:79:23-81:70
	android:screenOrientation
		ADDED from src\main\AndroidManifest.xml:81:21-58
	android:name
		ADDED from src\main\AndroidManifest.xml:79:33-55
activity#liu.biye.Xiugaik1
ADDED from src\main\AndroidManifest.xml:82:21-84:70
	android:screenOrientation
		ADDED from src\main\AndroidManifest.xml:84:21-58
	android:theme
		ADDED from src\main\AndroidManifest.xml:83:21-85
	android:name
		ADDED from src\main\AndroidManifest.xml:82:31-54
activity#liu.biye.Xiugaig1
ADDED from src\main\AndroidManifest.xml:85:24-87:70
	android:screenOrientation
		ADDED from src\main\AndroidManifest.xml:87:21-58
	android:theme
		ADDED from src\main\AndroidManifest.xml:86:21-85
	android:name
		ADDED from src\main\AndroidManifest.xml:85:34-57
activity#liu.biye.Chaxuns
ADDED from src\main\AndroidManifest.xml:88:23-90:70
	android:screenOrientation
		ADDED from src\main\AndroidManifest.xml:90:21-58
	android:name
		ADDED from src\main\AndroidManifest.xml:88:33-55
activity#liu.biye.Shanchug
ADDED from src\main\AndroidManifest.xml:91:23-93:70
	android:screenOrientation
		ADDED from src\main\AndroidManifest.xml:93:21-58
	android:name
		ADDED from src\main\AndroidManifest.xml:91:33-56
activity#liu.biye.Shanchuk
ADDED from src\main\AndroidManifest.xml:97:23-99:70
	android:screenOrientation
		ADDED from src\main\AndroidManifest.xml:99:21-58
	android:name
		ADDED from src\main\AndroidManifest.xml:97:33-56
activity#liu.biye.Shanchuc
ADDED from src\main\AndroidManifest.xml:100:25-102:70
	android:screenOrientation
		ADDED from src\main\AndroidManifest.xml:102:21-58
	android:name
		ADDED from src\main\AndroidManifest.xml:100:35-58
activity#liu.biye.Tianjiar
ADDED from src\main\AndroidManifest.xml:103:11-105:70
	android:screenOrientation
		ADDED from src\main\AndroidManifest.xml:105:21-58
	android:theme
		ADDED from src\main\AndroidManifest.xml:104:22-86
	android:name
		ADDED from src\main\AndroidManifest.xml:103:21-44
activity#liu.biye.Tianjiac
ADDED from src\main\AndroidManifest.xml:106:12-108:70
	android:screenOrientation
		ADDED from src\main\AndroidManifest.xml:108:21-58
	android:theme
		ADDED from src\main\AndroidManifest.xml:107:22-86
	android:name
		ADDED from src\main\AndroidManifest.xml:106:22-45
activity#liu.biye.Tianjias
ADDED from src\main\AndroidManifest.xml:109:15-112:70
	android:screenOrientation
		ADDED from src\main\AndroidManifest.xml:112:21-58
	android:theme
		ADDED from src\main\AndroidManifest.xml:110:22-65
	android:name
		ADDED from src\main\AndroidManifest.xml:109:25-48
uses-sdk
INJECTED from src\main\AndroidManifest.xml reason: use-sdk injection requested
INJECTED from src\main\AndroidManifest.xml
INJECTED from src\main\AndroidManifest.xml
MERGED from [com.android.support:appcompat-v7:27.1.1] AndroidManifest.xml:20:5-44
MERGED from [com.android.support:appcompat-v7:27.1.1] AndroidManifest.xml:20:5-44
MERGED from [com.android.support:support-v4:27.1.1] AndroidManifest.xml:20:5-44
MERGED from [com.android.support:support-v4:27.1.1] AndroidManifest.xml:20:5-44
MERGED from [com.android.support:support-fragment:27.1.1] AndroidManifest.xml:20:5-44
MERGED from [com.android.support:support-fragment:27.1.1] AndroidManifest.xml:20:5-44
MERGED from [com.android.support:animated-vector-drawable:27.1.1] AndroidManifest.xml:20:5-44
MERGED from [com.android.support:animated-vector-drawable:27.1.1] AndroidManifest.xml:20:5-44
MERGED from [com.android.support:support-core-ui:27.1.1] AndroidManifest.xml:20:5-44
MERGED from [com.android.support:support-core-ui:27.1.1] AndroidManifest.xml:20:5-44
MERGED from [com.android.support:support-core-utils:27.1.1] AndroidManifest.xml:20:5-44
MERGED from [com.android.support:support-core-utils:27.1.1] AndroidManifest.xml:20:5-44
MERGED from [com.android.support:support-vector-drawable:27.1.1] AndroidManifest.xml:20:5-44
MERGED from [com.android.support:support-vector-drawable:27.1.1] AndroidManifest.xml:20:5-44
MERGED from [com.android.support:support-media-compat:27.1.1] AndroidManifest.xml:20:5-44
MERGED from [com.android.support:support-media-compat:27.1.1] AndroidManifest.xml:20:5-44
MERGED from [com.android.support:support-compat:27.1.1] AndroidManifest.xml:20:5-44
MERGED from [com.android.support:support-compat:27.1.1] AndroidManifest.xml:20:5-44
MERGED from [android.arch.lifecycle:livedata-core:1.1.0] AndroidManifest.xml:20:5-44
MERGED from [android.arch.lifecycle:livedata-core:1.1.0] AndroidManifest.xml:20:5-44
MERGED from [android.arch.lifecycle:viewmodel:1.1.0] AndroidManifest.xml:20:5-44
MERGED from [android.arch.lifecycle:viewmodel:1.1.0] AndroidManifest.xml:20:5-44
MERGED from [android.arch.lifecycle:runtime:1.1.0] AndroidManifest.xml:20:5-44
MERGED from [android.arch.lifecycle:runtime:1.1.0] AndroidManifest.xml:20:5-44
MERGED from [android.arch.core:runtime:1.1.0] AndroidManifest.xml:20:5-44
MERGED from [android.arch.core:runtime:1.1.0] AndroidManifest.xml:20:5-44
INJECTED from src\main\AndroidManifest.xml
INJECTED from src\main\AndroidManifest.xml
	android:targetSdkVersion
		INJECTED from src\main\AndroidManifest.xml
		ADDED from src\main\AndroidManifest.xml
		INJECTED from src\main\AndroidManifest.xml
	android:minSdkVersion
		INJECTED from src\main\AndroidManifest.xml
		ADDED from src\main\AndroidManifest.xml
		INJECTED from src\main\AndroidManifest.xml